Arguments: 
  C:\Program Files\nodejs\node.exe C:\Users\KSKPixelLab\AppData\Roaming\npm\node_modules\yarn\bin\yarn.js add @react-navigation/native@next

PATH: 
  C:\Program Files\Common Files\Oracle\Java\javapath;C:\WINDOWS\system32;C:\WINDOWS;C:\WINDOWS\System32\Wbem;C:\WINDOWS\System32\WindowsPowerShell\v1.0\;C:\WINDOWS\System32\OpenSSH\;C:\Program Files\MongoDB\Server\4.2\bin;C:\Program Files (x86)\AMD\ATI.ACE\Core-Static;C:\Users\KSKPixelLab\AppData\Local\Programs\Python\Python39\Scripts;C:\Users\KSKPixelLab\AppData\Local\Programs\Python\Python39;C:\ProgramData\chocolatey\bin;C:\Program Files\nodejs\;C:\Program Files\OpenJDK\openjdk-8u292-b10\bin;%LOCALAPPDATA%\Android\Sdk\platform-tools;C:\Users\KSKPixelLab\AppData\Local\Microsoft\WindowsApps;C:\Users\KSKPixelLab\AppData\Local\Programs\Microsoft VS Code\bin;C:\Users\KSKPixelLab\AppData\Local\Programs\Python\Python39\Scripts;C:\Users\KSKPixelLab\AppData\Local\Programs\Python\Python39;C:\Users\KSKPixelLab\AppData\Roaming\npm

Yarn version: 
  1.22.10

Node version: 
  16.5.0

Platform: 
  win32 x64

Trace: 
  Error: read ECONNRESET
      at TLSWrap.onStreamRead (node:internal/stream_base_commons:211:20)

npm manifest: 
  {
    "main": "node_modules/expo/AppEntry.js",
    "scripts": {
      "start": "expo start",
      "android": "expo start --android",
      "ios": "expo start --ios",
      "web": "expo start --web",
      "eject": "expo eject"
    },
    "dependencies": {
      "@react-native-community/masked-view": "0.1.10",
      "expo": "~42.0.1",
      "expo-status-bar": "~1.0.4",
      "react": "16.13.1",
      "react-dom": "16.13.1",
      "react-native": "https://github.com/expo/react-native/archive/sdk-42.0.0.tar.gz",
      "react-native-gesture-handler": "~1.10.2",
      "react-native-reanimated": "~2.2.0",
      "react-native-safe-area-context": "3.2.0",
      "react-native-screens": "~3.4.0",
      "react-native-web": "~0.13.12"
    },
    "devDependencies": {
      "@babel/core": "^7.9.0",
      "@types/react": "~16.9.35",
      "@types/react-native": "~0.63.2",
      "typescript": "~4.0.0"
    },
    "private": true
  }

yarn manifest: 
  No manifest

Lockfile: 
  No lockfile
